<?xml version="1.0" encoding="UTF-8"?>
<testsuite xmlns:xsi="http://www.w3.org/2001/XMLSchema-instance" xsi:noNamespaceSchemaLocation="https://maven.apache.org/surefire/maven-surefire-plugin/xsd/surefire-test-report.xsd" name="com.yupi.yupao.service.UserServiceTest" time="8.251" tests="7" errors="1" skipped="0" failures="3">
  <properties>
[...]
</properties>
  <testcase name="testAddUser" classname="com.yupi.yupao.service.UserServiceTest" time="1.472"/>
  <testcase name="userRegister" classname="com.yupi.yupao.service.UserServiceTest" time="0.045">
    <error message="请求参数错误" type="com.yupi.yupao.exception.BusinessException">com.yupi.yupao.exception.BusinessException: 请求参数错误
	at com.yupi.yupao.service.UserServiceTest.userRegister(UserServiceTest.java:102)
</error>
  </testcase>
  <testcase name="searchUserByTagsList" classname="com.yupi.yupao.service.UserServiceTest" time="0.076"/>
  <testcase name="testUpdateUser" classname="com.yupi.yupao.service.UserServiceTest" time="0.023">
    <failure message="expected: &lt;true&gt; but was: &lt;false&gt;" type="org.opentest4j.AssertionFailedError"><![CDATA[org.opentest4j.AssertionFailedError: expected: <true> but was: <false>
	at com.yupi.yupao.service.UserServiceTest.testUpdateUser(UserServiceTest.java:70)
]]></failure>
    <system-out><![CDATA[Creating a new SqlSession
SqlSession [org.apache.ibatis.session.defaults.DefaultSqlSession@34065642] was not registered for synchronization because synchronization is not active
JDBC Connection [HikariProxyConnection@601932288 wrapping com.mysql.cj.jdbc.ConnectionImpl@285b491f] will not be managed by Spring
==>  Preparing: UPDATE user SET username=?, userAccount=?, avatarUrl=?, gender=?, userPassword=?, phone=?, email=? WHERE id=? AND isDelete=0
==> Parameters: dogYupi(String), 123(String), https://636f-codenav-8grj8px727565176-1256524210.tcb.qcloud.la/img/logo.png(String), 0(Integer), xxx(String), 123(String), 456(String), 1(Long)
<==    Updates: 0
Closing non transactional SqlSession [org.apache.ibatis.session.defaults.DefaultSqlSession@34065642]
]]></system-out>
  </testcase>
  <testcase name="testGetUser" classname="com.yupi.yupao.service.UserServiceTest" time="0.004">
    <failure message="expected: not &lt;null&gt;" type="org.opentest4j.AssertionFailedError"><![CDATA[org.opentest4j.AssertionFailedError: expected: not <null>
	at com.yupi.yupao.service.UserServiceTest.testGetUser(UserServiceTest.java:90)
]]></failure>
    <system-out><![CDATA[Creating a new SqlSession
SqlSession [org.apache.ibatis.session.defaults.DefaultSqlSession@4b5f022f] was not registered for synchronization because synchronization is not active
JDBC Connection [HikariProxyConnection@2052494962 wrapping com.mysql.cj.jdbc.ConnectionImpl@285b491f] will not be managed by Spring
==>  Preparing: SELECT id,username,userAccount,avatarUrl,tags,gender,userPassword,phone,email,userStatus,createTime,updateTime,isDelete,userRole,planetCode FROM user WHERE id=? AND isDelete=0
==> Parameters: 1(Long)
<==      Total: 0
Closing non transactional SqlSession [org.apache.ibatis.session.defaults.DefaultSqlSession@4b5f022f]
]]></system-out>
  </testcase>
  <testcase name="testDeleteUser" classname="com.yupi.yupao.service.UserServiceTest" time="0.007">
    <failure message="expected: &lt;true&gt; but was: &lt;false&gt;" type="org.opentest4j.AssertionFailedError"><![CDATA[org.opentest4j.AssertionFailedError: expected: <true> but was: <false>
	at com.yupi.yupao.service.UserServiceTest.testDeleteUser(UserServiceTest.java:79)
]]></failure>
    <system-out><![CDATA[Creating a new SqlSession
SqlSession [org.apache.ibatis.session.defaults.DefaultSqlSession@de40aa1] was not registered for synchronization because synchronization is not active
JDBC Connection [HikariProxyConnection@1639410301 wrapping com.mysql.cj.jdbc.ConnectionImpl@285b491f] will not be managed by Spring
==>  Preparing: UPDATE user SET isDelete=1 WHERE id=? AND isDelete=0
==> Parameters: 1(Long)
<==    Updates: 0
Closing non transactional SqlSession [org.apache.ibatis.session.defaults.DefaultSqlSession@de40aa1]
]]></system-out>
  </testcase>
  <testcase name="testRecommend" classname="com.yupi.yupao.service.UserServiceTest" time="0.018"/>
</testsuite>